<?xml version="1.0" encoding="UTF-8"?>
<!-- Generated by org.testng.reporters.JUnitReportReporter -->
<testsuite skipped="0" hostname="SabirMulla" name="mavenproject1.NewTestSubtract" tests="1" failures="0" timestamp="2022-10-15T22:10:15 IST" time="0.012" errors="0">
  <testcase name="add" time="0.012" classname="mavenproject1.NewTestSubtract"/>
  <system-out/>
</testsuite> <!-- mavenproject1.NewTestSubtract -->
