<?xml version="1.0" encoding="UTF-8"?>
<!-- Generated by org.testng.reporters.JUnitReportReporter -->
<testsuite hostname="SabirMulla" name="mavenproject1.NewTestng" tests="1" failures="0" timestamp="13 Oct 2022 18:25:13 GMT" time="26.413" errors="0">
  <testcase name="f" time="26.413" classname="mavenproject1.NewTestng"/>
</testsuite> <!-- mavenproject1.NewTestng -->
