<?xml version="1.0" encoding="UTF-8"?>
<!-- Generated by org.testng.reporters.JUnitReportReporter -->
<testsuite skipped="0" hostname="SabirMulla" name="mavenproject1.NewTest12" tests="1" failures="0" timestamp="2022-10-18T12:18:30 IST" time="8.246" errors="0">
  <testcase name="test" time="8.246" classname="mavenproject1.NewTest12"/>
  <system-out>
    <![CDATA[Application Lauched successfully | ]]>
  </system-out>
</testsuite> <!-- mavenproject1.NewTest12 -->
